<?xml version="1.0" encoding="UTF-8"?>
<testsuite name="com.king.PoolTest" tests="1" skipped="0" failures="0" errors="0" timestamp="2023-02-16T14:24:31" hostname="C02FD4MZMD6R" time="3.64">
  <properties/>
  <testcase name="shouldParallelDispatch()" classname="com.king.PoolTest" time="3.64"/>
  <system-out><![CDATA[]]></system-out>
  <system-err><![CDATA[]]></system-err>
</testsuite>
